Flutter crash report; please file at https://github.com/flutter/flutter/issues.

## command

flutter run -d LM G710

## exception

String: Exit code 1 from: D:\code\e-commerce\ecommerce\android\gradlew.bat -v:
Downloading https://services.gradle.org/distributions/gradle-4.1-all.zip


Exception in thread "main" java.net.ConnectException: Connection timed out: connect
	at java.net.DualStackPlainSocketImpl.connect0(Native Method)
	at java.net.DualStackPlainSocketImpl.socketConnect(Unknown Source)
	at java.net.AbstractPlainSocketImpl.doConnect(Unknown Source)
	at java.net.AbstractPlainSocketImpl.connectToAddress(Unknown Source)
	at java.net.AbstractPlainSocketImpl.connect(Unknown Source)
	at java.net.PlainSocketImpl.connect(Unknown Source)
	at java.net.SocksSocketImpl.connect(Unknown Source)
	at java.net.Socket.connect(Unknown Source)
	at sun.security.ssl.SSLSocketImpl.connect(Unknown Source)
	at sun.security.ssl.BaseSSLSocketImpl.connect(Unknown Source)
	at sun.net.NetworkClient.doConnect(Unknown Source)
	at sun.net.www.http.HttpClient.openServer(Unknown Source)
	at sun.net.www.http.HttpClient.openServer(Unknown Source)
	at sun.net.www.protocol.https.HttpsClient.<init>(Unknown Source)
	at sun.net.www.protocol.https.HttpsClient.New(Unknown Source)
	at sun.net.www.protocol.https.AbstractDelegateHttpsURLConnection.getNewHttpClient(Unknown Source)
	at sun.net.www.protocol.http.HttpURLConnection.plainConnect0(Unknown Source)
	at sun.net.www.protocol.http.HttpURLConnection.plainConnect(Unknown Source)
	at sun.net.www.protocol.https.AbstractDelegateHttpsURLConnection.connect(Unknown Source)
	at sun.net.www.protocol.http.HttpURLConnection.getInputStream0(Unknown Source)
	at sun.net.www.protocol.http.HttpURLConnection.getInputStream(Unknown Source)
	at sun.net.www.protocol.https.HttpsURLConnectionImpl.getInputStream(Unknown Source)
	at org.gradle.wrapper.Download.downloadInternal(Download.java:58)
	at org.gradle.wrapper.Download.download(Download.java:44)
	at org.gradle.wrapper.Install$1.call(Install.java:61)
	at org.gradle.wrapper.Install$1.call(Install.java:48)
	at org.gradle.wrapper.ExclusiveFileAccessManager.access(ExclusiveFileAccessManager.java:65)
	at org.gradle.wrapper.Install.createDist(Install.java:48)
	at org.gradle.wrapper.WrapperExecutor.execute(WrapperExecutor.java:128)
	at org.gradle.wrapper.GradleWrapperMain.main(GradleWrapperMain.java:61)

```
#0      runCheckedAsync (package:flutter_tools/src/base/process.dart:249)
<asynchronous suspension>
#1      _initializeGradle (package:flutter_tools/src/android/gradle.dart:179)
<asynchronous suspension>
#2      _ensureGradle (package:flutter_tools/src/android/gradle.dart:161)
<asynchronous suspension>
#3      _readGradleProject (package:flutter_tools/src/android/gradle.dart:96)
<asynchronous suspension>
#4      _gradleProject (package:flutter_tools/src/android/gradle.dart:89)
<asynchronous suspension>
#5      getGradleAppOut (package:flutter_tools/src/android/gradle.dart:83)
<asynchronous suspension>
#6      AndroidApk.fromCurrentDirectory (package:flutter_tools/src/application_package.dart:89)
<asynchronous suspension>
#7      getApplicationPackageForPlatform (package:flutter_tools/src/application_package.dart:306)
<asynchronous suspension>
#8      FlutterDevice.runHot (package:flutter_tools/src/resident_runner.dart:267)
<asynchronous suspension>
#9      HotRunner.run (package:flutter_tools/src/run_hot.dart:236)
<asynchronous suspension>
#10     RunCommand.runCommand (package:flutter_tools/src/commands/run.dart:389)
<asynchronous suspension>
#11     FlutterCommand.verifyThenRunCommand (package:flutter_tools/src/runner/flutter_command.dart:335)
<asynchronous suspension>
#12     FlutterCommand.run.<anonymous closure> (package:flutter_tools/src/runner/flutter_command.dart:270)
<asynchronous suspension>
#13     AppContext.run.<anonymous closure> (package:flutter_tools/src/base/context.dart:142)
<asynchronous suspension>
#14     _rootRun (dart:async/zone.dart:1126)
#15     _CustomZone.run (dart:async/zone.dart:1023)
#16     _runZoned (dart:async/zone.dart:1518)
#17     runZoned (dart:async/zone.dart:1465)
#18     AppContext.run (package:flutter_tools/src/base/context.dart:141)
<asynchronous suspension>
#19     FlutterCommand.run (package:flutter_tools/src/runner/flutter_command.dart:261)
#20     CommandRunner.runCommand (package:args/command_runner.dart:194)
<asynchronous suspension>
#21     FlutterCommandRunner.runCommand.<anonymous closure> (package:flutter_tools/src/runner/flutter_command_runner.dart:314)
<asynchronous suspension>
#22     AppContext.run.<anonymous closure> (package:flutter_tools/src/base/context.dart:142)
<asynchronous suspension>
#23     _rootRun (dart:async/zone.dart:1126)
#24     _CustomZone.run (dart:async/zone.dart:1023)
#25     _runZoned (dart:async/zone.dart:1518)
#26     runZoned (dart:async/zone.dart:1465)
#27     AppContext.run (package:flutter_tools/src/base/context.dart:141)
<asynchronous suspension>
#28     FlutterCommandRunner.runCommand (package:flutter_tools/src/runner/flutter_command_runner.dart:270)
<asynchronous suspension>
#29     CommandRunner.run.<anonymous closure> (package:args/command_runner.dart:109)
#30     new Future.sync (dart:async/future.dart:222)
#31     CommandRunner.run (package:args/command_runner.dart:109)
#32     FlutterCommandRunner.run (package:flutter_tools/src/runner/flutter_command_runner.dart:179)
#33     run.<anonymous closure> (package:flutter_tools/runner.dart:59)
<asynchronous suspension>
#34     AppContext.run.<anonymous closure> (package:flutter_tools/src/base/context.dart:142)
<asynchronous suspension>
#35     _rootRun (dart:async/zone.dart:1126)
#36     _CustomZone.run (dart:async/zone.dart:1023)
#37     _runZoned (dart:async/zone.dart:1518)
#38     runZoned (dart:async/zone.dart:1465)
#39     AppContext.run (package:flutter_tools/src/base/context.dart:141)
<asynchronous suspension>
#40     runInContext (package:flutter_tools/src/context_runner.dart:43)
<asynchronous suspension>
#41     run (package:flutter_tools/runner.dart:50)
#42     main (package:flutter_tools/executable.dart:49)
<asynchronous suspension>
#43     main (file:///D:/programs/flutter/packages/flutter_tools/bin/flutter_tools.dart:8)
#44     _startIsolate.<anonymous closure> (dart:isolate-patch/dart:isolate/isolate_patch.dart:277)
#45     _RawReceivePortImpl._handleMessage (dart:isolate-patch/dart:isolate/isolate_patch.dart:165)
```

## flutter doctor

```
[✓] Flutter (Channel beta, v0.4.4, on Microsoft Windows [Version 10.0.16299.15], locale en-US)
    • Flutter version 0.4.4 at D:\programs\flutter
    • Framework revision f9bb4289e9 (3 months ago), 2018-05-11 21:44:54 -0700
    • Engine revision d33bbff470
    • Dart version 2.0.0-dev.60.0.flutter-a5e41681e5

[!] Android toolchain - develop for Android devices (Android SDK 27.0.3)
    • Android SDK at C:\Users\omar.orlandini\AppData\Local\Android\Sdk
    • Android NDK location not configured (optional; useful for native profiling support)
    • Platform android-P, build-tools 27.0.3
    • ANDROID_HOME = C:\Users\omar.orlandini\AppData\Local\Android\Sdk
    • Java binary at: C:\Program Files (x86)\Common Files\Oracle\Java\javapath\java.exe
    • Java version Java(TM) SE Runtime Environment (build 1.8.0_171-b11)
    ✗ Android license status unknown.

[✗] Android Studio (not installed)
    • Android Studio not found; download from https://developer.android.com/studio/index.html
      (or visit https://flutter.io/setup/#android-setup for detailed instructions).

[!] VS Code, 64-bit edition (version 1.25.1)
    • VS Code at C:\Program Files\Microsoft VS Code
    • Flutter extension not installed; install from
      https://marketplace.visualstudio.com/items?itemName=Dart-Code.flutter

[✓] Connected devices (1 available)
    • LM G710 • LMG710EMb752c846 • android-arm64 • Android 8.0.0 (API 26)

! Doctor found issues in 3 categories.
```
